<?xml version="1.0" encoding="UTF-8"?>
<testng-results skipped="0" failed="0" total="1" passed="1">
  <reporter-output>
  </reporter-output>
  <suite name="Default suite" duration-ms="7069" started-at="2018-09-21T07:57:59Z" finished-at="2018-09-21T07:58:06Z">
    <groups>
    </groups>
    <test name="Default test" duration-ms="7069" started-at="2018-09-21T07:57:59Z" finished-at="2018-09-21T07:58:06Z">
      <class name="com.tavant.kwutils.MyTestCaseExecuter">
        <test-method status="PASS" signature="beforeSuite()[pri:0, instance:com.tavant.kwutils.MyTestCaseExecuter@7219ec86]" name="beforeSuite" is-config="true" duration-ms="51" started-at="2018-09-21T13:27:59Z" finished-at="2018-09-21T13:27:59Z">
          <reporter-output>
          </reporter-output>
        </test-method> <!-- beforeSuite -->
        <test-method status="PASS" signature="beforeClass(java.lang.String, java.lang.String, java.lang.String, java.lang.String, java.lang.String)[pri:0, instance:com.tavant.kwutils.MyTestCaseExecuter@7219ec86]" test-instance-name="TC001:Normal Flow Till CheckOut" name="beforeClass" is-config="true" duration-ms="7" started-at="2018-09-21T13:27:59Z" finished-at="2018-09-21T13:27:59Z">
          <params>
            <param index="0">
              <value>
                <![CDATA[none]]>
              </value>
            </param>
            <param index="1">
              <value>
                <![CDATA[none]]>
              </value>
            </param>
            <param index="2">
              <value>
                <![CDATA[none]]>
              </value>
            </param>
            <param index="3">
              <value>
                <![CDATA[none]]>
              </value>
            </param>
            <param index="4">
              <value>
                <![CDATA[none]]>
              </value>
            </param>
          </params>
          <reporter-output>
          </reporter-output>
        </test-method> <!-- beforeClass -->
        <test-method status="PASS" signature="testCase()[pri:0, instance:com.tavant.kwutils.MyTestCaseExecuter@7219ec86]" test-instance-name="TC001:Normal Flow Till CheckOut" name="testCase" duration-ms="6749" started-at="2018-09-21T13:27:59Z" finished-at="2018-09-21T13:28:06Z">
          <reporter-output>
          </reporter-output>
        </test-method> <!-- testCase -->
        <test-method status="PASS" signature="afterMethod()[pri:0, instance:com.tavant.kwutils.MyTestCaseExecuter@7219ec86]" test-instance-name="TC001:Normal Flow Till CheckOut" name="afterMethod" is-config="true" duration-ms="230" started-at="2018-09-21T13:28:06Z" finished-at="2018-09-21T13:28:06Z">
          <reporter-output>
          </reporter-output>
        </test-method> <!-- afterMethod -->
        <test-method status="PASS" signature="closeDriver()[pri:0, instance:com.tavant.kwutils.MyTestCaseExecuter@7219ec86]" test-instance-name="TC001:Normal Flow Till CheckOut" name="closeDriver" is-config="true" duration-ms="11" started-at="2018-09-21T13:28:06Z" finished-at="2018-09-21T13:28:06Z">
          <reporter-output>
          </reporter-output>
        </test-method> <!-- closeDriver -->
        <test-method status="PASS" signature="afterSuite()[pri:0, instance:com.tavant.kwutils.MyTestCaseExecuter@7219ec86]" name="afterSuite" is-config="true" duration-ms="949" started-at="2018-09-21T13:28:07Z" finished-at="2018-09-21T13:28:07Z">
          <reporter-output>
          </reporter-output>
        </test-method> <!-- afterSuite -->
      </class> <!-- com.tavant.kwutils.MyTestCaseExecuter -->
    </test> <!-- Default test -->
  </suite> <!-- Default suite -->
</testng-results>
