<?xml version="1.0" encoding="UTF-8"?>
<testng-results skipped="0" failed="0" ignored="0" total="1" passed="1">
  <reporter-output>
  </reporter-output>
  <suite name="Default suite" duration-ms="122072" started-at="2019-03-08T14:33:12Z" finished-at="2019-03-08T14:35:14Z">
    <groups>
    </groups>
    <test name="Default test" duration-ms="122072" started-at="2019-03-08T14:33:12Z" finished-at="2019-03-08T14:35:14Z">
      <class name="com.GAP.WS1_0.Chrome_Create_New_Opp">
        <test-method status="PASS" signature="Setup()[pri:0, instance:com.GAP.WS1_0.Chrome_Create_New_Opp@2de8284b]" name="Setup" is-config="true" duration-ms="244" started-at="2019-03-08T14:33:11Z" finished-at="2019-03-08T14:33:12Z">
          <reporter-output>
          </reporter-output>
        </test-method> <!-- Setup -->
        <test-method status="PASS" signature="startReport()[pri:0, instance:com.GAP.WS1_0.Chrome_Create_New_Opp@2de8284b]" name="startReport" is-config="true" duration-ms="4" started-at="2019-03-08T14:33:12Z" finished-at="2019-03-08T14:33:12Z">
          <reporter-output>
          </reporter-output>
        </test-method> <!-- startReport -->
        <test-method status="PASS" signature="Initiate_Browser()[pri:0, instance:com.GAP.WS1_0.Chrome_Create_New_Opp@2de8284b]" name="Initiate_Browser" is-config="true" duration-ms="4086" started-at="2019-03-08T14:33:12Z" finished-at="2019-03-08T14:33:16Z">
          <reporter-output>
          </reporter-output>
        </test-method> <!-- Initiate_Browser -->
        <test-method status="PASS" signature="booth_rent_stage_on_payment(java.lang.String)[pri:0, instance:com.GAP.WS1_0.Chrome_Create_New_Opp@2de8284b]" name="booth_rent_stage_on_payment" duration-ms="117942" started-at="2019-03-08T14:33:16Z" finished-at="2019-03-08T14:35:14Z">
          <params>
            <param index="0">
              <value>
                <![CDATA[master.txt]]>
              </value>
            </param>
          </params>
          <reporter-output>
          </reporter-output>
        </test-method> <!-- booth_rent_stage_on_payment -->
        <test-method status="PASS" signature="getResult(org.testng.ITestResult)[pri:0, instance:com.GAP.WS1_0.Chrome_Create_New_Opp@2de8284b]" name="getResult" is-config="true" duration-ms="18" started-at="2019-03-08T14:35:14Z" finished-at="2019-03-08T14:35:14Z">
          <params>
            <param index="0">
              <value>
                <![CDATA[[TestResult name=booth_rent_stage_on_payment status=SUCCESS method=Chrome_Create_New_Opp.booth_rent_stage_on_payment(java.lang.String)[pri:0, instance:com.GAP.WS1_0.Chrome_Create_New_Opp@2de8284b] output={null}]]]>
              </value>
            </param>
          </params>
          <reporter-output>
          </reporter-output>
        </test-method> <!-- getResult -->
        <test-method status="PASS" signature="Teardown()[pri:0, instance:com.GAP.WS1_0.Chrome_Create_New_Opp@2de8284b]" name="Teardown" is-config="true" duration-ms="362" started-at="2019-03-08T14:35:14Z" finished-at="2019-03-08T14:35:14Z">
          <reporter-output>
          </reporter-output>
        </test-method> <!-- Teardown -->
      </class> <!-- com.GAP.WS1_0.Chrome_Create_New_Opp -->
    </test> <!-- Default test -->
  </suite> <!-- Default suite -->
</testng-results>
